<?xml version="1.0" encoding="UTF-8"?>
<coverage generated="1752900350014" clover="3.2.0">
  <project timestamp="1752900350015" name="All files">
    <metrics statements="76" coveredstatements="65" conditionals="20" coveredconditionals="14" methods="29" coveredmethods="22" elements="125" coveredelements="101" complexity="0" loc="76" ncloc="76" packages="3" files="6" classes="6"/>
    <package name="components">
      <metrics statements="34" coveredstatements="29" conditionals="16" coveredconditionals="12" methods="19" coveredmethods="14"/>
      <file name="FiltersModal.js" path="C:\Users\jumac\OtherProjects\Proyecto_Software\Frontend\src\components\FiltersModal.js">
        <metrics statements="16" coveredstatements="14" conditionals="10" coveredconditionals="7" methods="8" coveredmethods="6"/>
        <line num="13" count="4" type="stmt"/>
        <line num="15" count="4" type="stmt"/>
        <line num="24" count="4" type="stmt"/>
        <line num="26" count="4" type="stmt"/>
        <line num="27" count="1" type="cond" truecount="1" falsecount="1"/>
        <line num="28" count="0" type="stmt"/>
        <line num="30" count="1" type="stmt"/>
        <line num="34" count="4" type="stmt"/>
        <line num="35" count="1" type="stmt"/>
        <line num="36" count="1" type="stmt"/>
        <line num="39" count="4" type="stmt"/>
        <line num="56" count="24" type="stmt"/>
        <line num="63" count="1" type="stmt"/>
        <line num="79" count="12" type="stmt"/>
        <line num="85" count="0" type="stmt"/>
        <line num="109" count="1" type="stmt"/>
      </file>
      <file name="Footer.js" path="C:\Users\jumac\OtherProjects\Proyecto_Software\Frontend\src\components\Footer.js">
        <metrics statements="7" coveredstatements="7" conditionals="2" coveredconditionals="2" methods="4" coveredmethods="4"/>
        <line num="8" count="4" type="stmt"/>
        <line num="9" count="4" type="stmt"/>
        <line num="11" count="4" type="stmt"/>
        <line num="14" count="1" type="stmt"/>
        <line num="22" count="1" type="stmt"/>
        <line num="31" count="1" type="stmt"/>
        <line num="45" count="1" type="stmt"/>
      </file>
      <file name="SearchBar.js" path="C:\Users\jumac\OtherProjects\Proyecto_Software\Frontend\src\components\SearchBar.js">
        <metrics statements="2" coveredstatements="2" conditionals="0" coveredconditionals="0" methods="1" coveredmethods="1"/>
        <line num="9" count="3" type="stmt"/>
        <line num="37" count="1" type="stmt"/>
      </file>
      <file name="Sidebar.js" path="C:\Users\jumac\OtherProjects\Proyecto_Software\Frontend\src\components\Sidebar.js">
        <metrics statements="9" coveredstatements="6" conditionals="4" coveredconditionals="3" methods="6" coveredmethods="3"/>
        <line num="7" count="4" type="stmt"/>
        <line num="9" count="4" type="stmt"/>
        <line num="10" count="1" type="stmt"/>
        <line num="13" count="4" type="stmt"/>
        <line num="28" count="1" type="stmt"/>
        <line num="37" count="0" type="stmt"/>
        <line num="45" count="0" type="stmt"/>
        <line num="53" count="0" type="stmt"/>
        <line num="87" count="1" type="stmt"/>
      </file>
    </package>
    <package name="context">
      <metrics statements="20" coveredstatements="19" conditionals="2" coveredconditionals="2" methods="5" coveredmethods="5"/>
      <file name="AuthContext.js" path="C:\Users\jumac\OtherProjects\Proyecto_Software\Frontend\src\context\AuthContext.js">
        <metrics statements="20" coveredstatements="19" conditionals="2" coveredconditionals="2" methods="5" coveredmethods="5"/>
        <line num="4" count="4" type="stmt"/>
        <line num="6" count="4" type="stmt"/>
        <line num="7" count="7" type="stmt"/>
        <line num="8" count="7" type="stmt"/>
        <line num="10" count="7" type="stmt"/>
        <line num="11" count="3" type="stmt"/>
        <line num="12" count="3" type="stmt"/>
        <line num="13" count="3" type="stmt"/>
        <line num="14" count="3" type="cond" truecount="2" falsecount="0"/>
        <line num="15" count="1" type="stmt"/>
        <line num="18" count="0" type="stmt"/>
        <line num="20" count="3" type="stmt"/>
        <line num="24" count="3" type="stmt"/>
        <line num="27" count="7" type="stmt"/>
        <line num="28" count="2" type="stmt"/>
        <line num="29" count="2" type="stmt"/>
        <line num="32" count="7" type="stmt"/>
        <line num="33" count="1" type="stmt"/>
        <line num="34" count="1" type="stmt"/>
        <line num="37" count="7" type="stmt"/>
      </file>
    </package>
    <package name="screens">
      <metrics statements="22" coveredstatements="17" conditionals="2" coveredconditionals="0" methods="5" coveredmethods="3"/>
      <file name="LoginScreen.js" path="C:\Users\jumac\OtherProjects\Proyecto_Software\Frontend\src\screens\LoginScreen.js">
        <metrics statements="22" coveredstatements="17" conditionals="2" coveredconditionals="0" methods="5" coveredmethods="3"/>
        <line num="15" count="9" type="stmt"/>
        <line num="16" count="9" type="stmt"/>
        <line num="17" count="9" type="stmt"/>
        <line num="18" count="9" type="stmt"/>
        <line num="19" count="9" type="stmt"/>
        <line num="21" count="9" type="stmt"/>
        <line num="22" count="1" type="stmt"/>
        <line num="23" count="1" type="stmt"/>
        <line num="24" count="1" type="stmt"/>
        <line num="25" count="1" type="stmt"/>
        <line num="26" count="1" type="stmt"/>
        <line num="28" count="1" type="stmt"/>
        <line num="29" count="1" type="stmt"/>
        <line num="31" count="0" type="stmt"/>
        <line num="35" count="0" type="stmt"/>
        <line num="36" count="0" type="stmt"/>
        <line num="40" count="9" type="stmt"/>
        <line num="41" count="1" type="stmt"/>
        <line num="44" count="9" type="stmt"/>
        <line num="50" count="0" type="stmt"/>
        <line num="56" count="0" type="stmt"/>
        <line num="101" count="1" type="stmt"/>
      </file>
    </package>
  </project>
</coverage>
