{"C:\\Users\\jumac\\OtherProjects\\Proyecto_Software\\Frontend\\src\\components\\FiltersModal.js": {"path":"C:\\Users\\jumac\\OtherProjects\\Proyecto_Software\\Frontend\\src\\components\\FiltersModal.js","statementMap":{"0":{"start":{"line":13,"column":48},"end":{"line":13,"column":60}},"1":{"start":{"line":15,"column":19},"end":{"line":22,"column":3}},"2":{"start":{"line":24,"column":22},"end":{"line":24,"column":58}},"3":{"start":{"line":26,"column":23},"end":{"line":32,"column":3}},"4":{"start":{"line":27,"column":4},"end":{"line":31,"column":5}},"5":{"start":{"line":28,"column":6},"end":{"line":28,"column":76}},"6":{"start":{"line":28,"column":58},"end":{"line":28,"column":73}},"7":{"start":{"line":30,"column":6},"end":{"line":30,"column":55}},"8":{"start":{"line":34,"column":22},"end":{"line":37,"column":3}},"9":{"start":{"line":35,"column":4},"end":{"line":35,"column":29}},"10":{"start":{"line":36,"column":4},"end":{"line":36,"column":14}},"11":{"start":{"line":39,"column":2},"end":{"line":106,"column":4}},"12":{"start":{"line":56,"column":14},"end":{"line":74,"column":33}},"13":{"start":{"line":63,"column":31},"end":{"line":63,"column":51}},"14":{"start":{"line":79,"column":14},"end":{"line":96,"column":33}},"15":{"start":{"line":85,"column":31},"end":{"line":85,"column":48}},"16":{"start":{"line":109,"column":15},"end":{"line":165,"column":2}}},"fnMap":{"0":{"name":"FiltersModal","decl":{"start":{"line":12,"column":24},"end":{"line":12,"column":36}},"loc":{"start":{"line":12,"column":68},"end":{"line":107,"column":1}},"line":12},"1":{"name":"(anonymous_1)","decl":{"start":{"line":26,"column":23},"end":{"line":26,"column":24}},"loc":{"start":{"line":26,"column":35},"end":{"line":32,"column":3}},"line":26},"2":{"name":"(anonymous_2)","decl":{"start":{"line":28,"column":48},"end":{"line":28,"column":49}},"loc":{"start":{"line":28,"column":58},"end":{"line":28,"column":73}},"line":28},"3":{"name":"(anonymous_3)","decl":{"start":{"line":34,"column":22},"end":{"line":34,"column":23}},"loc":{"start":{"line":34,"column":28},"end":{"line":37,"column":3}},"line":34},"4":{"name":"(anonymous_4)","decl":{"start":{"line":55,"column":26},"end":{"line":55,"column":27}},"loc":{"start":{"line":56,"column":14},"end":{"line":74,"column":33}},"line":56},"5":{"name":"(anonymous_5)","decl":{"start":{"line":63,"column":25},"end":{"line":63,"column":26}},"loc":{"start":{"line":63,"column":31},"end":{"line":63,"column":51}},"line":63},"6":{"name":"(anonymous_6)","decl":{"start":{"line":78,"column":29},"end":{"line":78,"column":30}},"loc":{"start":{"line":79,"column":14},"end":{"line":96,"column":33}},"line":79},"7":{"name":"(anonymous_7)","decl":{"start":{"line":85,"column":25},"end":{"line":85,"column":26}},"loc":{"start":{"line":85,"column":31},"end":{"line":85,"column":48}},"line":85}},"branchMap":{"0":{"loc":{"start":{"line":27,"column":4},"end":{"line":31,"column":5}},"type":"if","locations":[{"start":{"line":27,"column":4},"end":{"line":31,"column":5}},{"start":{"line":29,"column":11},"end":{"line":31,"column":5}}],"line":27},"1":{"loc":{"start":{"line":60,"column":18},"end":{"line":61,"column":47}},"type":"binary-expr","locations":[{"start":{"line":60,"column":18},"end":{"line":60,"column":50}},{"start":{"line":61,"column":20},"end":{"line":61,"column":47}}],"line":60},"2":{"loc":{"start":{"line":68,"column":20},"end":{"line":69,"column":53}},"type":"binary-expr","locations":[{"start":{"line":68,"column":20},"end":{"line":68,"column":52}},{"start":{"line":69,"column":22},"end":{"line":69,"column":53}}],"line":68},"3":{"loc":{"start":{"line":83,"column":18},"end":{"line":83,"column":78}},"type":"binary-expr","locations":[{"start":{"line":83,"column":18},"end":{"line":83,"column":47}},{"start":{"line":83,"column":51},"end":{"line":83,"column":78}}],"line":83},"4":{"loc":{"start":{"line":90,"column":20},"end":{"line":91,"column":53}},"type":"binary-expr","locations":[{"start":{"line":90,"column":20},"end":{"line":90,"column":49}},{"start":{"line":91,"column":22},"end":{"line":91,"column":53}}],"line":90}},"s":{"0":4,"1":4,"2":4,"3":4,"4":1,"5":0,"6":0,"7":1,"8":4,"9":1,"10":1,"11":4,"12":24,"13":1,"14":12,"15":0,"16":1},"f":{"0":4,"1":1,"2":0,"3":1,"4":24,"5":1,"6":12,"7":0},"b":{"0":[0,1],"1":[24,1],"2":[24,1],"3":[12,0],"4":[12,0]},"_coverageSchema":"1a1c01bbd47fc00a2c39e90264f33305004495a9","hash":"89a07e28a12ba98f0e5107b206bb3dfb2a8c439e"}
,"C:\\Users\\jumac\\OtherProjects\\Proyecto_Software\\Frontend\\src\\components\\Footer.js": {"path":"C:\\Users\\jumac\\OtherProjects\\Proyecto_Software\\Frontend\\src\\components\\Footer.js","statementMap":{"0":{"start":{"line":8,"column":21},"end":{"line":8,"column":36}},"1":{"start":{"line":9,"column":19},"end":{"line":9,"column":42}},"2":{"start":{"line":11,"column":2},"end":{"line":42,"column":4}},"3":{"start":{"line":14,"column":23},"end":{"line":14,"column":42}},"4":{"start":{"line":22,"column":10},"end":{"line":22,"column":68}},"5":{"start":{"line":31,"column":25},"end":{"line":31,"column":55}},"6":{"start":{"line":45,"column":15},"end":{"line":54,"column":2}}},"fnMap":{"0":{"name":"Footer","decl":{"start":{"line":7,"column":24},"end":{"line":7,"column":30}},"loc":{"start":{"line":7,"column":33},"end":{"line":43,"column":1}},"line":7},"1":{"name":"(anonymous_1)","decl":{"start":{"line":14,"column":17},"end":{"line":14,"column":18}},"loc":{"start":{"line":14,"column":23},"end":{"line":14,"column":42}},"line":14},"2":{"name":"(anonymous_2)","decl":{"start":{"line":21,"column":17},"end":{"line":21,"column":18}},"loc":{"start":{"line":22,"column":10},"end":{"line":22,"column":68}},"line":22},"3":{"name":"(anonymous_3)","decl":{"start":{"line":31,"column":19},"end":{"line":31,"column":20}},"loc":{"start":{"line":31,"column":25},"end":{"line":31,"column":55}},"line":31}},"branchMap":{"0":{"loc":{"start":{"line":29,"column":7},"end":{"line":40,"column":7}},"type":"cond-expr","locations":[{"start":{"line":30,"column":8},"end":{"line":35,"column":27}},{"start":{"line":37,"column":8},"end":{"line":39,"column":27}}],"line":29}},"s":{"0":4,"1":4,"2":4,"3":1,"4":1,"5":1,"6":1},"f":{"0":4,"1":1,"2":1,"3":1},"b":{"0":[1,3]},"_coverageSchema":"1a1c01bbd47fc00a2c39e90264f33305004495a9","hash":"a587e4f2b9d9fac9304d944a26abf0127f4dab1a"}
,"C:\\Users\\jumac\\OtherProjects\\Proyecto_Software\\Frontend\\src\\components\\SearchBar.js": {"path":"C:\\Users\\jumac\\OtherProjects\\Proyecto_Software\\Frontend\\src\\components\\SearchBar.js","statementMap":{"0":{"start":{"line":9,"column":2},"end":{"line":34,"column":4}},"1":{"start":{"line":37,"column":15},"end":{"line":68,"column":2}}},"fnMap":{"0":{"name":"SearchBar","decl":{"start":{"line":4,"column":24},"end":{"line":4,"column":33}},"loc":{"start":{"line":8,"column":3},"end":{"line":35,"column":1}},"line":8}},"branchMap":{},"s":{"0":3,"1":1},"f":{"0":3},"b":{},"_coverageSchema":"1a1c01bbd47fc00a2c39e90264f33305004495a9","hash":"7cdf6f52ea3ada1f106db3108f9cff0e5762cd56"}
,"C:\\Users\\jumac\\OtherProjects\\Proyecto_Software\\Frontend\\src\\components\\Sidebar.js": {"path":"C:\\Users\\jumac\\OtherProjects\\Proyecto_Software\\Frontend\\src\\components\\Sidebar.js","statementMap":{"0":{"start":{"line":7,"column":27},"end":{"line":7,"column":50}},"1":{"start":{"line":9,"column":23},"end":{"line":11,"column":3}},"2":{"start":{"line":10,"column":4},"end":{"line":10,"column":13}},"3":{"start":{"line":13,"column":2},"end":{"line":84,"column":4}},"4":{"start":{"line":28,"column":25},"end":{"line":28,"column":52}},"5":{"start":{"line":37,"column":29},"end":{"line":37,"column":59}},"6":{"start":{"line":45,"column":29},"end":{"line":45,"column":60}},"7":{"start":{"line":53,"column":29},"end":{"line":53,"column":59}},"8":{"start":{"line":87,"column":15},"end":{"line":121,"column":2}}},"fnMap":{"0":{"name":"Sidebar","decl":{"start":{"line":6,"column":24},"end":{"line":6,"column":31}},"loc":{"start":{"line":6,"column":48},"end":{"line":85,"column":1}},"line":6},"1":{"name":"(anonymous_1)","decl":{"start":{"line":9,"column":23},"end":{"line":9,"column":24}},"loc":{"start":{"line":9,"column":29},"end":{"line":11,"column":3}},"line":9},"2":{"name":"(anonymous_2)","decl":{"start":{"line":28,"column":19},"end":{"line":28,"column":20}},"loc":{"start":{"line":28,"column":25},"end":{"line":28,"column":52}},"line":28},"3":{"name":"(anonymous_3)","decl":{"start":{"line":37,"column":23},"end":{"line":37,"column":24}},"loc":{"start":{"line":37,"column":29},"end":{"line":37,"column":59}},"line":37},"4":{"name":"(anonymous_4)","decl":{"start":{"line":45,"column":23},"end":{"line":45,"column":24}},"loc":{"start":{"line":45,"column":29},"end":{"line":45,"column":60}},"line":45},"5":{"name":"(anonymous_5)","decl":{"start":{"line":53,"column":23},"end":{"line":53,"column":24}},"loc":{"start":{"line":53,"column":29},"end":{"line":53,"column":59}},"line":53}},"branchMap":{"0":{"loc":{"start":{"line":18,"column":39},"end":{"line":18,"column":64}},"type":"binary-expr","locations":[{"start":{"line":18,"column":39},"end":{"line":18,"column":51}},{"start":{"line":18,"column":55},"end":{"line":18,"column":64}}],"line":18},"1":{"loc":{"start":{"line":33,"column":9},"end":{"line":63,"column":9}},"type":"cond-expr","locations":[{"start":{"line":34,"column":10},"end":{"line":58,"column":13}},{"start":{"line":60,"column":10},"end":{"line":62,"column":17}}],"line":33}},"s":{"0":4,"1":4,"2":1,"3":4,"4":1,"5":0,"6":0,"7":0,"8":1},"f":{"0":4,"1":1,"2":1,"3":0,"4":0,"5":0},"b":{"0":[4,0],"1":[2,2]},"_coverageSchema":"1a1c01bbd47fc00a2c39e90264f33305004495a9","hash":"d39db02edacf3a77560925c737b1283e3a2e6e01"}
,"C:\\Users\\jumac\\OtherProjects\\Proyecto_Software\\Frontend\\src\\context\\AuthContext.js": {"path":"C:\\Users\\jumac\\OtherProjects\\Proyecto_Software\\Frontend\\src\\context\\AuthContext.js","statementMap":{"0":{"start":{"line":4,"column":27},"end":{"line":4,"column":42}},"1":{"start":{"line":6,"column":28},"end":{"line":42,"column":1}},"2":{"start":{"line":7,"column":26},"end":{"line":7,"column":40}},"3":{"start":{"line":8,"column":32},"end":{"line":8,"column":46}},"4":{"start":{"line":10,"column":2},"end":{"line":25,"column":9}},"5":{"start":{"line":11,"column":21},"end":{"line":22,"column":5}},"6":{"start":{"line":12,"column":6},"end":{"line":21,"column":7}},"7":{"start":{"line":13,"column":25},"end":{"line":13,"column":59}},"8":{"start":{"line":14,"column":8},"end":{"line":16,"column":9}},"9":{"start":{"line":15,"column":10},"end":{"line":15,"column":40}},"10":{"start":{"line":18,"column":8},"end":{"line":18,"column":52}},"11":{"start":{"line":20,"column":8},"end":{"line":20,"column":26}},"12":{"start":{"line":24,"column":4},"end":{"line":24,"column":15}},"13":{"start":{"line":27,"column":16},"end":{"line":30,"column":3}},"14":{"start":{"line":28,"column":4},"end":{"line":28,"column":22}},"15":{"start":{"line":29,"column":4},"end":{"line":29,"column":65}},"16":{"start":{"line":32,"column":17},"end":{"line":35,"column":3}},"17":{"start":{"line":33,"column":4},"end":{"line":33,"column":18}},"18":{"start":{"line":34,"column":4},"end":{"line":34,"column":42}},"19":{"start":{"line":37,"column":2},"end":{"line":41,"column":4}}},"fnMap":{"0":{"name":"(anonymous_0)","decl":{"start":{"line":6,"column":28},"end":{"line":6,"column":29}},"loc":{"start":{"line":6,"column":46},"end":{"line":42,"column":1}},"line":6},"1":{"name":"(anonymous_1)","decl":{"start":{"line":10,"column":12},"end":{"line":10,"column":13}},"loc":{"start":{"line":10,"column":18},"end":{"line":25,"column":3}},"line":10},"2":{"name":"(anonymous_2)","decl":{"start":{"line":11,"column":21},"end":{"line":11,"column":22}},"loc":{"start":{"line":11,"column":33},"end":{"line":22,"column":5}},"line":11},"3":{"name":"(anonymous_3)","decl":{"start":{"line":27,"column":16},"end":{"line":27,"column":17}},"loc":{"start":{"line":27,"column":36},"end":{"line":30,"column":3}},"line":27},"4":{"name":"(anonymous_4)","decl":{"start":{"line":32,"column":17},"end":{"line":32,"column":18}},"loc":{"start":{"line":32,"column":29},"end":{"line":35,"column":3}},"line":32}},"branchMap":{"0":{"loc":{"start":{"line":14,"column":8},"end":{"line":16,"column":9}},"type":"if","locations":[{"start":{"line":14,"column":8},"end":{"line":16,"column":9}},{"start":{},"end":{}}],"line":14}},"s":{"0":4,"1":4,"2":7,"3":7,"4":7,"5":3,"6":3,"7":3,"8":3,"9":1,"10":0,"11":3,"12":3,"13":7,"14":2,"15":2,"16":7,"17":1,"18":1,"19":7},"f":{"0":7,"1":3,"2":3,"3":2,"4":1},"b":{"0":[1,2]},"_coverageSchema":"1a1c01bbd47fc00a2c39e90264f33305004495a9","hash":"766f914e633e0a45cba796fd7f358bbdd76fbba1"}
,"C:\\Users\\jumac\\OtherProjects\\Proyecto_Software\\Frontend\\src\\screens\\LoginScreen.js": {"path":"C:\\Users\\jumac\\OtherProjects\\Proyecto_Software\\Frontend\\src\\screens\\LoginScreen.js","statementMap":{"0":{"start":{"line":15,"column":30},"end":{"line":15,"column":42}},"1":{"start":{"line":16,"column":38},"end":{"line":16,"column":50}},"2":{"start":{"line":17,"column":20},"end":{"line":17,"column":43}},"3":{"start":{"line":18,"column":42},"end":{"line":18,"column":57}},"4":{"start":{"line":19,"column":42},"end":{"line":19,"column":54}},"5":{"start":{"line":21,"column":22},"end":{"line":38,"column":3}},"6":{"start":{"line":22,"column":4},"end":{"line":37,"column":5}},"7":{"start":{"line":23,"column":23},"end":{"line":23,"column":57}},"8":{"start":{"line":24,"column":6},"end":{"line":24,"column":53}},"9":{"start":{"line":25,"column":6},"end":{"line":25,"column":32}},"10":{"start":{"line":26,"column":6},"end":{"line":26,"column":62}},"11":{"start":{"line":28,"column":6},"end":{"line":28,"column":50}},"12":{"start":{"line":29,"column":6},"end":{"line":29,"column":28}},"13":{"start":{"line":31,"column":6},"end":{"line":34,"column":8}},"14":{"start":{"line":35,"column":6},"end":{"line":35,"column":57}},"15":{"start":{"line":36,"column":6},"end":{"line":36,"column":28}},"16":{"start":{"line":40,"column":23},"end":{"line":42,"column":3}},"17":{"start":{"line":41,"column":4},"end":{"line":41,"column":36}},"18":{"start":{"line":44,"column":2},"end":{"line":98,"column":4}},"19":{"start":{"line":50,"column":30},"end":{"line":50,"column":52}},"20":{"start":{"line":56,"column":29},"end":{"line":56,"column":51}},"21":{"start":{"line":101,"column":15},"end":{"line":177,"column":2}}},"fnMap":{"0":{"name":"LoginScreen","decl":{"start":{"line":14,"column":24},"end":{"line":14,"column":35}},"loc":{"start":{"line":14,"column":52},"end":{"line":99,"column":1}},"line":14},"1":{"name":"(anonymous_1)","decl":{"start":{"line":21,"column":22},"end":{"line":21,"column":23}},"loc":{"start":{"line":21,"column":34},"end":{"line":38,"column":3}},"line":21},"2":{"name":"(anonymous_2)","decl":{"start":{"line":40,"column":23},"end":{"line":40,"column":24}},"loc":{"start":{"line":40,"column":29},"end":{"line":42,"column":3}},"line":40},"3":{"name":"(anonymous_3)","decl":{"start":{"line":50,"column":24},"end":{"line":50,"column":25}},"loc":{"start":{"line":50,"column":30},"end":{"line":50,"column":52}},"line":50},"4":{"name":"(anonymous_4)","decl":{"start":{"line":56,"column":23},"end":{"line":56,"column":24}},"loc":{"start":{"line":56,"column":29},"end":{"line":56,"column":51}},"line":56}},"branchMap":{"0":{"loc":{"start":{"line":33,"column":8},"end":{"line":33,"column":45}},"type":"binary-expr","locations":[{"start":{"line":33,"column":8},"end":{"line":33,"column":28}},{"start":{"line":33,"column":32},"end":{"line":33,"column":45}}],"line":33}},"s":{"0":9,"1":9,"2":9,"3":9,"4":9,"5":9,"6":1,"7":1,"8":1,"9":1,"10":1,"11":1,"12":1,"13":0,"14":0,"15":0,"16":9,"17":1,"18":9,"19":0,"20":0,"21":1},"f":{"0":9,"1":1,"2":1,"3":0,"4":0},"b":{"0":[0,0]},"_coverageSchema":"1a1c01bbd47fc00a2c39e90264f33305004495a9","hash":"9f25fd9f4a4771697826b4dddef47e1b7fe85e01"}
}
