TN:
SF:src\components\FiltersModal.js
FN:12,FiltersModal
FN:26,(anonymous_1)
FN:28,(anonymous_2)
FN:34,(anonymous_3)
FN:55,(anonymous_4)
FN:63,(anonymous_5)
FN:78,(anonymous_6)
FN:85,(anonymous_7)
FNF:8
FNH:6
FNDA:4,FiltersModal
FNDA:1,(anonymous_1)
FNDA:0,(anonymous_2)
FNDA:1,(anonymous_3)
FNDA:24,(anonymous_4)
FNDA:1,(anonymous_5)
FNDA:12,(anonymous_6)
FNDA:0,(anonymous_7)
DA:13,4
DA:15,4
DA:24,4
DA:26,4
DA:27,1
DA:28,0
DA:30,1
DA:34,4
DA:35,1
DA:36,1
DA:39,4
DA:56,24
DA:63,1
DA:79,12
DA:85,0
DA:109,1
LF:16
LH:14
BRDA:27,0,0,0
BRDA:27,0,1,1
BRDA:60,1,0,24
BRDA:60,1,1,1
BRDA:68,2,0,24
BRDA:68,2,1,1
BRDA:83,3,0,12
BRDA:83,3,1,0
BRDA:90,4,0,12
BRDA:90,4,1,0
BRF:10
BRH:7
end_of_record
TN:
SF:src\components\Footer.js
FN:7,Footer
FN:14,(anonymous_1)
FN:21,(anonymous_2)
FN:31,(anonymous_3)
FNF:4
FNH:4
FNDA:4,Footer
FNDA:1,(anonymous_1)
FNDA:1,(anonymous_2)
FNDA:1,(anonymous_3)
DA:8,4
DA:9,4
DA:11,4
DA:14,1
DA:22,1
DA:31,1
DA:45,1
LF:7
LH:7
BRDA:29,0,0,1
BRDA:29,0,1,3
BRF:2
BRH:2
end_of_record
TN:
SF:src\components\SearchBar.js
FN:4,SearchBar
FNF:1
FNH:1
FNDA:3,SearchBar
DA:9,3
DA:37,1
LF:2
LH:2
BRF:0
BRH:0
end_of_record
TN:
SF:src\components\Sidebar.js
FN:6,Sidebar
FN:9,(anonymous_1)
FN:28,(anonymous_2)
FN:37,(anonymous_3)
FN:45,(anonymous_4)
FN:53,(anonymous_5)
FNF:6
FNH:3
FNDA:4,Sidebar
FNDA:1,(anonymous_1)
FNDA:1,(anonymous_2)
FNDA:0,(anonymous_3)
FNDA:0,(anonymous_4)
FNDA:0,(anonymous_5)
DA:7,4
DA:9,4
DA:10,1
DA:13,4
DA:28,1
DA:37,0
DA:45,0
DA:53,0
DA:87,1
LF:9
LH:6
BRDA:18,0,0,4
BRDA:18,0,1,0
BRDA:33,1,0,2
BRDA:33,1,1,2
BRF:4
BRH:3
end_of_record
TN:
SF:src\context\AuthContext.js
FN:6,(anonymous_0)
FN:10,(anonymous_1)
FN:11,(anonymous_2)
FN:27,(anonymous_3)
FN:32,(anonymous_4)
FNF:5
FNH:5
FNDA:7,(anonymous_0)
FNDA:3,(anonymous_1)
FNDA:3,(anonymous_2)
FNDA:2,(anonymous_3)
FNDA:1,(anonymous_4)
DA:4,4
DA:6,4
DA:7,7
DA:8,7
DA:10,7
DA:11,3
DA:12,3
DA:13,3
DA:14,3
DA:15,1
DA:18,0
DA:20,3
DA:24,3
DA:27,7
DA:28,2
DA:29,2
DA:32,7
DA:33,1
DA:34,1
DA:37,7
LF:20
LH:19
BRDA:14,0,0,1
BRDA:14,0,1,2
BRF:2
BRH:2
end_of_record
TN:
SF:src\screens\LoginScreen.js
FN:14,LoginScreen
FN:21,(anonymous_1)
FN:40,(anonymous_2)
FN:50,(anonymous_3)
FN:56,(anonymous_4)
FNF:5
FNH:3
FNDA:9,LoginScreen
FNDA:1,(anonymous_1)
FNDA:1,(anonymous_2)
FNDA:0,(anonymous_3)
FNDA:0,(anonymous_4)
DA:15,9
DA:16,9
DA:17,9
DA:18,9
DA:19,9
DA:21,9
DA:22,1
DA:23,1
DA:24,1
DA:25,1
DA:26,1
DA:28,1
DA:29,1
DA:31,0
DA:35,0
DA:36,0
DA:40,9
DA:41,1
DA:44,9
DA:50,0
DA:56,0
DA:101,1
LF:22
LH:17
BRDA:33,0,0,0
BRDA:33,0,1,0
BRF:2
BRH:0
end_of_record
